21:28:52: Creating resource group General
21:28:52: Creating resource group Internal
21:28:52: Creating resource group Autodetect
21:28:52: Registering ResourceManager for type Mesh
21:28:52: Registering ResourceManager for type Material
21:28:52: Registering ResourceManager for type Skeleton
21:28:52: XMLMeshSerializer reading mesh data from C:\eclipse\workspace\tesliz\src\3test\media\models\Cube.mesh.xml...
21:28:52: Reading submeshes...
21:28:52: Reading geometry...
21:28:52: Geometry done...
21:28:52: Submeshes done.
21:28:52: XMLMeshSerializer import successful.
21:28:52: Reorganising vertex buffers to automatic layout..
21:28:52: MeshSerializer writing mesh data to C:\eclipse\workspace\tesliz\src\3test\media\models\Cube.mesh...
21:28:52: File header written.
21:28:52: Writing mesh data...
21:28:52: Writing submesh...
21:28:52: Exporting submesh texture aliases...
21:28:52: Submesh texture aliases exported.
21:28:52: Submesh exported.
21:28:52: Exporting bounds information....
21:28:52: Bounds information exported.
21:28:52: Exporting submesh name table...
21:28:52: Submesh name table exported.
21:28:52: Exporting edge lists...
21:28:52: Edge lists exported
21:28:52: Mesh data exported.
21:28:52: MeshSerializer export successful.
21:28:52: Unregistering ResourceManager for type Skeleton
21:28:52: Unregistering ResourceManager for type Material
21:28:52: Unregistering ResourceManager for type Mesh
