05:43:51: Creating resource group General
05:43:51: Creating resource group Internal
05:43:51: Creating resource group Autodetect
05:43:51: Registering ResourceManager for type Mesh
05:43:51: Registering ResourceManager for type Material
05:43:51: Registering ResourceManager for type Skeleton
05:43:51: XMLMeshSerializer reading mesh data from C:\eclipse\workspace\tesliz\src\3test\media\Cube.mesh.xml...
05:43:51: Reading submeshes...
05:43:51: Reading geometry...
05:43:51: Geometry done...
05:43:51: Submeshes done.
05:43:51: XMLMeshSerializer import successful.
05:43:51: Reorganising vertex buffers to automatic layout..
05:43:51: MeshSerializer writing mesh data to C:\eclipse\workspace\tesliz\src\3test\media\Cube.mesh...
05:43:51: File header written.
05:43:51: Writing mesh data...
05:43:51: Writing submesh...
05:43:51: Exporting submesh texture aliases...
05:43:51: Submesh texture aliases exported.
05:43:51: Submesh exported.
05:43:51: Exporting bounds information....
05:43:51: Bounds information exported.
05:43:51: Exporting submesh name table...
05:43:51: Submesh name table exported.
05:43:51: Exporting edge lists...
05:43:51: Edge lists exported
05:43:51: Mesh data exported.
05:43:51: MeshSerializer export successful.
05:43:51: Unregistering ResourceManager for type Skeleton
05:43:51: Unregistering ResourceManager for type Material
05:43:51: Unregistering ResourceManager for type Mesh
